
+++++++++++++++++++++++++++++++++++++++++++++++++++++++++++++++++++

1. NOMINAL CORRELATIONS

------------------------ | CVW as | FIW as | MIW as | RIW as | stat syst lumi

 CMS7000 118.51 +-  1.80 |  28.86 |  49.49 |  12.60 |  28.86 | 0.62 1.26 1.13
 CMS8000 117.83 +-  1.99 |  18.84 |  40.74 |   6.63 |  18.84 | 0.29 1.34 1.44
ATLAS700 120.58 +-  1.73 |  36.77 |  53.90 |  20.88 |  36.77 | 0.84 1.14 0.98
ATLAS800 117.14 +-  2.10 |  15.53 |  36.56 |   5.40 |  15.53 | 0.37 1.22 1.67
------------------------ | ------ | ------ | ------ | ------ | ---- ---- ----
BLUE  as 118.93 +-  1.27 | 100.00 | 180.70 |  45.52 | 100.00 | 0.37 0.87 0.85
BLUE  as (full precision): 118.93029 +- 1.26720
Chi2 / d.o.f = 3.06362 / 3

   CovM   CMS7000   CMS8000   ATLAS70   ATLAS80
CMS7000    3.2445    1.6880    0.5601    0.9375
CMS8000    1.6880    3.9419    0.7047    0.7534
ATLAS70    0.5601    0.7047    2.9790    1.3901
ATLAS80    0.9375    0.7534    1.3901    4.3917

2. MINIMIZE WRT GLOBAL FACTOR

DERIVATIVE ANALYSIS
Vary parameters unless dI/dX@0 == dI/dX@1 == 0
----------------- | ----- | ------------------ |-------------------------------|
  Parameter name  | ParID |   Parameter value  |           1/I*dI/dX           |
                  |       | ScaleFactor X @MIN |   @0    ->    @MIN ->      @1 |
----------------- | ----- | ------------------ |-------------------------------|
 GlobalScaleFact  |    #0 |     ??? +-     ??? | -1.4950 ->     ??? -> -0.4278 | ==> Vary in minimization #0

MINIMIZE USING ROOT Minuit2
WARNING! UpperBound=1 == StartValue=1 : redefine StartValue=0.99
Parameters    (%=FIXED)    #0
START: f= 1.00429943 at 0.990
END:   f= 1.00000000 at 1.000
Minimization completed: minValue=1.0000000, edm=0.0000000, #calls=16       
ROOT minimizer Minuit2 (Migrad) found a minimum

DERIVATIVE ANALYSIS
----------------- | ----- | ------------------ |-------------------------------|
  Parameter name  | ParID |   Parameter value  |           1/I*dI/dX           |
                  |       | ScaleFactor X @MIN |   @0    ->    @MIN ->      @1 |
----------------- | ----- | ------------------ |-------------------------------|
 GlobalScaleFact  |    #0 |  1.0000 +-  0.9991 | -1.4950 -> -0.4278 -> -0.4278 | 

------------------------ | CVW as | FIW as | MIW as | RIW as | stat syst lumi

 CMS7000 118.51 +-  1.80 |  28.86 |  49.49 |  12.60 |  28.86 | 0.62 1.26 1.13
 CMS8000 117.83 +-  1.99 |  18.84 |  40.74 |   6.63 |  18.84 | 0.29 1.34 1.44
ATLAS700 120.58 +-  1.73 |  36.77 |  53.90 |  20.88 |  36.77 | 0.84 1.14 0.98
ATLAS800 117.14 +-  2.10 |  15.53 |  36.56 |   5.40 |  15.53 | 0.37 1.22 1.67
------------------------ | ------ | ------ | ------ | ------ | ---- ---- ----
BLUE  as 118.93 +-  1.27 | 100.00 | 180.70 |  45.52 | 100.00 | 0.37 0.87 0.85
BLUE  as (full precision): 118.93029 +- 1.26720
Chi2 / d.o.f = 3.06362 / 3

   CovM   CMS7000   CMS8000   ATLAS70   ATLAS80
CMS7000    3.2445    1.6880    0.5601    0.9375
CMS8000    1.6880    3.9419    0.7047    0.7534
ATLAS70    0.5601    0.7047    2.9790    1.3901
ATLAS80    0.9375    0.7534    1.3901    4.3917

3. MINIMIZE WRT ERROR SOURCES

DERIVATIVE ANALYSIS
Vary parameters unless dI/dX@0 == dI/dX@1 == 0
----------------- | ----- | ------------------ |-------------------------------|
  Parameter name  | ParID |   Parameter value  |           1/I*dI/dX           |
                  |       | ScaleFactor X @MIN |   @0    ->    @MIN ->      @1 |
----------------- | ----- | ------------------ |-------------------------------|
 stat             |  stat |     ??? +-     ??? |      ~0 ->     ??? ->      ~0 | %FIXED%
 syst             |  syst |     ??? +-     ??? | -0.7651 ->     ??? -> -0.2132 | ==> Vary in minimization #0
 lumi             |  lumi |     ??? +-     ??? | -0.7299 ->     ??? -> -0.2146 | ==> Vary in minimization #1

MINIMIZE USING ROOT Minuit2
WARNING! UpperBound=1 == StartValue=1 : redefine StartValue=0.99
WARNING! UpperBound=1 == StartValue=1 : redefine StartValue=0.99
Error sources (%=FIXED) %stat,  syst,  lumi
START: f= 1.00429943 at 1.000, 0.990, 0.990
END:   f= 1.00000000 at 1.000, 1.000, 1.000
Minimization completed: minValue=1.0000000, edm=0.0000000, #calls=29       
ROOT minimizer Minuit2 (Migrad) found a minimum

DERIVATIVE ANALYSIS
----------------- | ----- | ------------------ |-------------------------------|
  Parameter name  | ParID |   Parameter value  |           1/I*dI/dX           |
                  |       | ScaleFactor X @MIN |   @0    ->    @MIN ->      @1 |
----------------- | ----- | ------------------ |-------------------------------|
 stat             |  stat |  1.0000 +-     N/A |      ~0 ->      ~0 ->      ~0 | %FIXED%
 syst             |  syst |  1.0000 +-  0.8429 | -0.7651 -> -0.2132 -> -0.2132 | 
 lumi             |  lumi |  1.0000 +-  0.8462 | -0.7299 -> -0.2146 -> -0.2146 | 

------------------------ | CVW as | FIW as | MIW as | RIW as | stat syst lumi

 CMS7000 118.51 +-  1.80 |  28.86 |  49.49 |  12.60 |  28.86 | 0.62 1.26 1.13
 CMS8000 117.83 +-  1.99 |  18.84 |  40.74 |   6.63 |  18.84 | 0.29 1.34 1.44
ATLAS700 120.58 +-  1.73 |  36.77 |  53.90 |  20.88 |  36.77 | 0.84 1.14 0.98
ATLAS800 117.14 +-  2.10 |  15.53 |  36.56 |   5.40 |  15.53 | 0.37 1.22 1.67
------------------------ | ------ | ------ | ------ | ------ | ---- ---- ----
BLUE  as 118.93 +-  1.27 | 100.00 | 180.70 |  45.52 | 100.00 | 0.37 0.87 0.85
BLUE  as (full precision): 118.93029 +- 1.26720
Chi2 / d.o.f = 3.06362 / 3

   CovM   CMS7000   CMS8000   ATLAS70   ATLAS80
CMS7000    3.2445    1.6880    0.5601    0.9375
CMS8000    1.6880    3.9419    0.7047    0.7534
ATLAS70    0.5601    0.7047    2.9790    1.3901
ATLAS80    0.9375    0.7534    1.3901    4.3917

4. MINIMIZE WRT OFF DIAGONAL ELEMENTS

DERIVATIVE ANALYSIS
Vary parameters unless dI/dX@0 == dI/dX@1 == 0
----------------- | ----- | ------------------ |-------------------------------|
  Parameter name  | ParID |   Parameter value  |           1/I*dI/dX           |
                  |       | ScaleFactor X @MIN |   @0    ->    @MIN ->      @1 |
----------------- | ----- | ------------------ |-------------------------------|
 CMS8000/CMS7000  |    #0 |     ??? +-     ??? | -0.4239 ->     ??? -> -0.1143 | ==> Vary in minimization #0
 ATLAS7000/CMS70  |    #1 |     ??? +-     ??? | -0.1861 ->     ??? -> -0.0740 | ==> Vary in minimization #1
 ATLAS7000/CMS80  |    #2 |     ??? +-     ??? | -0.1927 ->     ??? -> -0.0608 | ==> Vary in minimization #2
 ATLAS8000/CMS70  |    #3 |     ??? +-     ??? | -0.2113 ->     ??? -> -0.0523 | ==> Vary in minimization #3
 ATLAS8000/CMS80  |    #4 |     ??? +-     ??? | -0.1398 ->     ??? -> -0.0275 | ==> Vary in minimization #4
 ATLAS8000/ATLAS  |    #5 |     ??? +-     ??? | -0.3412 ->     ??? -> -0.0989 | ==> Vary in minimization #5

MINIMIZE USING ROOT Minuit2
WARNING! UpperBound=1 == StartValue=1 : redefine StartValue=0.99
WARNING! UpperBound=1 == StartValue=1 : redefine StartValue=0.99
WARNING! UpperBound=1 == StartValue=1 : redefine StartValue=0.99
WARNING! UpperBound=1 == StartValue=1 : redefine StartValue=0.99
Off-Diag Elem (%=FIXED)    #0,    #1,    #2,    #3,    #4,    #5
START: f= 1.01486947 at 0.942, 0.990, 0.990, 0.990, 0.990, 0.940
END:   f= 1.00000000 at 1.000, 1.000, 1.000, 1.000, 1.000, 1.000
Minimization completed: minValue=1.0000000, edm=0.0000000, #calls=91       
ROOT minimizer Minuit2 (Migrad) found a minimum

DERIVATIVE ANALYSIS
----------------- | ----- | ------------------ |-------------------------------|
  Parameter name  | ParID |   Parameter value  |           1/I*dI/dX           |
                  |       | ScaleFactor X @MIN |   @0    ->    @MIN ->      @1 |
----------------- | ----- | ------------------ |-------------------------------|
 CMS8000/CMS7000  |    #0 |  1.0000 +-  0.5166 | -0.4239 -> -0.1143 -> -0.1143 | 
 ATLAS7000/CMS70  |    #1 |  1.0000 +-  0.6295 | -0.1861 -> -0.0740 -> -0.0740 | 
 ATLAS7000/CMS80  |    #2 |  1.0000 +-  0.8136 | -0.1927 -> -0.0608 -> -0.0608 | 
 ATLAS8000/CMS70  |    #3 |  1.0000 +-  0.9440 | -0.2113 -> -0.0523 -> -0.0523 | 
 ATLAS8000/CMS80  |    #4 |  1.0000 +-  0.5301 | -0.1398 -> -0.0275 -> -0.0275 | 
 ATLAS8000/ATLAS  |    #5 |  1.0000 +-  0.5007 | -0.3412 -> -0.0989 -> -0.0989 | 

------------------------ | CVW as | FIW as | MIW as | RIW as | stat syst lumi

 CMS7000 118.51 +-  1.80 |  28.86 |  49.49 |  12.60 |  28.86 | 0.62 1.26 1.13
 CMS8000 117.83 +-  1.99 |  18.84 |  40.74 |   6.63 |  18.84 | 0.29 1.34 1.44
ATLAS700 120.58 +-  1.73 |  36.77 |  53.90 |  20.88 |  36.77 | 0.84 1.14 0.98
ATLAS800 117.14 +-  2.10 |  15.53 |  36.56 |   5.40 |  15.53 | 0.37 1.22 1.67
------------------------ | ------ | ------ | ------ | ------ | ---- ---- ----
BLUE  as 118.93 +-  1.27 | 100.00 | 180.70 |  45.52 | 100.00 | 0.37 0.87 0.85
BLUE  as (full precision): 118.93029 +- 1.26720
Chi2 / d.o.f = 3.06362 / 3

   CovM   CMS7000   CMS8000   ATLAS70   ATLAS80
CMS7000    3.2445    1.6880    0.5601    0.9375
CMS8000    1.6880    3.9419    0.7047    0.7534
ATLAS70    0.5601    0.7047    2.9790    1.3901
ATLAS80    0.9375    0.7534    1.3901    4.3917

5. REMOVE MEASUREMENTS WITH NEGATIVE CVW'S

------------------------ | CVW as | FIW as | MIW as | RIW as | stat syst lumi

 CMS7000 118.51 +-  1.80 |  28.86 |  49.49 |  12.60 |  28.86 | 0.62 1.26 1.13
 CMS8000 117.83 +-  1.99 |  18.84 |  40.74 |   6.63 |  18.84 | 0.29 1.34 1.44
ATLAS700 120.58 +-  1.73 |  36.77 |  53.90 |  20.88 |  36.77 | 0.84 1.14 0.98
ATLAS800 117.14 +-  2.10 |  15.53 |  36.56 |   5.40 |  15.53 | 0.37 1.22 1.67
------------------------ | ------ | ------ | ------ | ------ | ---- ---- ----
BLUE  as 118.93 +-  1.27 | 100.00 | 180.70 |  45.52 | 100.00 | 0.37 0.87 0.85
BLUE  as (full precision): 118.93029 +- 1.26720
Chi2 / d.o.f = 3.06362 / 3

   CovM   CMS7000   CMS8000   ATLAS70   ATLAS80
CMS7000    3.2445    1.6880    0.5601    0.9375
CMS8000    1.6880    3.9419    0.7047    0.7534
ATLAS70    0.5601    0.7047    2.9790    1.3901
ATLAS80    0.9375    0.7534    1.3901    4.3917

7. ONIONIZE

Onionize source #0 (stat)
 CovOld   CMS7000   CMS8000   ATLAS70   ATLAS80
CMS7000    0.3855    0.0000    0.0000    0.0000
CMS8000    0.0000    0.0818    0.0000    0.0000
ATLAS70    0.0000    0.0000    0.7125    0.0000
ATLAS80    0.0000    0.0000    0.0000    0.1396
 CovNew   CMS7000   CMS8000   ATLAS70   ATLAS80
CMS7000    0.3855    0.0000    0.0000    0.0000
CMS8000    0.0000    0.0818    0.0000    0.0000
ATLAS70    0.0000    0.0000    0.7125    0.0000
ATLAS80    0.0000    0.0000    0.0000    0.1396

Onionize source #1 (syst)
 CovOld   CMS7000   CMS8000   ATLAS70   ATLAS80
CMS7000    1.5916    1.6880    0.0000    0.0000
CMS8000    1.6880    1.7902    0.0000    0.0000
ATLAS70    0.0000    0.0000    1.3070    1.3901
ATLAS80    0.0000    0.0000    1.3901    1.4785
 CovNew   CMS7000   CMS8000   ATLAS70   ATLAS80
CMS7000    1.5916    1.5916    0.0000    0.0000
CMS8000    1.5916    1.7902    0.0000    0.0000
ATLAS70    0.0000    0.0000    1.3070    1.3070
ATLAS80    0.0000    0.0000    1.3070    1.4785

Onionize source #2 (lumi)
 CovOld   CMS7000   CMS8000   ATLAS70   ATLAS80
CMS7000    1.2674    0.0000    0.5601    0.9375
CMS8000    0.0000    2.0699    0.7047    0.7534
ATLAS70    0.5601    0.7047    0.9596    0.0000
ATLAS80    0.9375    0.7534    0.0000    2.7736
 CovNew   CMS7000   CMS8000   ATLAS70   ATLAS80
CMS7000    1.2674    0.0000    0.5601    0.9375
CMS8000    0.0000    2.0699    0.7047    0.7534
ATLAS70    0.5601    0.7047    0.9596    0.0000
ATLAS80    0.9375    0.7534    0.0000    2.7736

------------------------ | CVW as | FIW as | MIW as | RIW as | stat syst lumi

 CMS7000 118.51 +-  1.80 |  28.62 |  48.87 |  12.93 |  28.62 | 0.62 1.26 1.13
 CMS8000 117.83 +-  1.99 |  19.14 |  40.23 |   7.14 |  19.14 | 0.29 1.34 1.44
ATLAS700 120.58 +-  1.73 |  36.35 |  53.23 |  21.04 |  36.35 | 0.84 1.14 0.98
ATLAS800 117.14 +-  2.10 |  15.90 |  36.11 |   5.84 |  15.90 | 0.37 1.22 1.67
------------------------ | ------ | ------ | ------ | ------ | ---- ---- ----
BLUE  as 118.91 +-  1.26 | 100.00 | 178.44 |  46.95 | 100.00 | 0.36 0.86 0.85
BLUE  as (full precision): 118.91443 +- 1.25925
Chi2 / d.o.f = 2.96046 / 3

   CovM   CMS7000   CMS8000   ATLAS70   ATLAS80
CMS7000    3.2445    1.5916    0.5601    0.9375
CMS8000    1.5916    3.9419    0.7047    0.7534
ATLAS70    0.5601    0.7047    2.9790    1.3070
ATLAS80    0.9375    0.7534    1.3070    4.3917

8. NO CORRELATIONS

------------------------ | CVW as | FIW as | MIW as | RIW as | stat syst lumi

 CMS7000 118.51 +-  1.80 |  27.39 |  27.39 |  27.39 |  27.39 | 0.62 1.26 1.13
 CMS8000 117.83 +-  1.99 |  22.54 |  22.54 |  22.54 |  22.54 | 0.29 1.34 1.44
ATLAS700 120.58 +-  1.73 |  29.83 |  29.83 |  29.83 |  29.83 | 0.84 1.14 0.98
ATLAS800 117.14 +-  2.10 |  20.24 |  20.24 |  20.24 |  20.24 | 0.37 1.22 1.67
------------------------ | ------ | ------ | ------ | ------ | ---- ---- ----
BLUE  as 118.70 +-  0.94 | 100.00 | 100.00 | 100.00 | 100.00 | 0.32 0.62 0.63
BLUE  as (full precision): 118.69709 +- 0.94269
Chi2 / d.o.f = 1.94022 / 3

   CovM   CMS7000   CMS8000   ATLAS70   ATLAS80
CMS7000    3.2445    0.0000    0.0000    0.0000
CMS8000    0.0000    3.9419    0.0000    0.0000
ATLAS70    0.0000    0.0000    2.9790    0.0000
ATLAS80    0.0000    0.0000    0.0000    4.3917

--------------------------------------------------------------------

Create latex report: /afs/cern.ch/user/t/tklijnsm/Work/bluefin/BLUEFIN_01_00_04/extr_0212_143419/extr-NNLO-CT14nnlo_body.tex
